Mapa 1: Ullathorpe Este
8 Serpiente
3 Gallo

Mapa 2: Camino del sur
15 Serpiente
5 Murciélago
2 Lobo

Mapa 3: Camino del sur
10 Esqueleto
12 Lobo
17 Serpiente
3 Goblin
2 Bandido

Mapa 4: Camino del sur
9 Zombie
23 Esqueleto

Mapa 5: Camino del Norte
10 Esqueleto Guerrero
4 Asesino
5 Murciélago
5 Serpiente

Mapa 6: Camino del Norte
8 Bandido
10 Goblin

Mapa 7: Camino del Norte
3 Lobo

Mapa 8: Ullathorpe Oeste
2 Lobo
5 Gallo

Mapa 9: Planicies del Oeste
9 Serpiente
15 Lobo
27 Esqueleto

Mapa 10: Planicies del Oeste
23 Esqueleto
1 Escorpion
16 Lobo
9 Lobo

Mapa 11: Bosques del Este
9 Murciélago
10 Serpiente

Mapa 12: Bosques del Este
10 Esqueleto
10 Goblin
10 Serpiente

Mapa 13: Bosques del Este
3 Zombie
1 Gallo salvaje
5 Esqueleto Guerrero
8 Esqueleto

Mapa 14: Bosques del Este
13 Lobo
3 Murciélago
7 Serpiente
1 Esqueleto

Mapa 15: Desierto
12 Escorpion
13 Serpiente
1 Escorpion
2 Araña gigante

Mapa 16: Desierto
10 Escorpion
3 Araña gigante
8 Serpiente
5 Escorpion

Mapa 17: Desierto
9 Serpiente
3 Araña gigante
8 Escorpion
1 Escorpion

Mapa 18: Bosques del Este
12 Zombie
12 Lobo

Mapa 19: Puente del Desierto
12 Lobo
1 Asesino

Mapa 20: Desierto
16 Escorpion
2 Araña gigante
5 Serpiente

Mapa 21: Desierto
3 Esqueleto Guerrero
3 Lord Zombie
6 Esqueleto
1 Araña gigante

Mapa 22: Llanos del Sur
12 Esqueleto
8 Lobo
5 Murciélago
5 Serpiente

Mapa 23: Llanos del Sur
13 Serpiente
9 Murciélago
5 Bandido
2 Águila
4 Asesino
1 Cuervo
1 Aguila

Mapa 24: Llanos del Sur
30 Lobo
1 Zombie

Mapa 25: Delta de la Piedra
9 Serpiente
10 Murciélago
14 Zombie
4 Lobo

Mapa 26: Llanos del Sur
10 Serpiente
10 Murciélago
10 Lobo

Mapa 27: Llanos del Sur
14 Lobo
11 Serpiente
3 Zombie
2 Cuervo

Mapa 28: Cementerio
10 Fantasma endemoniado

Mapa 29: Llanos del Sur
22 Lobo
5 Araña gigante

Mapa 30: Llanos del Sur
10 Goblin
3 Gallo salvaje
10 Tortuga gigante
4 Jabalí Salvaje
2 Lobo
2 Duende

Mapa 31: Llanos del Sur
10 Tortuga gigante
14 Gallo salvaje
8 Serpiente
2 Lobo
2 Jabalí Salvaje
2 Serpiente

Mapa 32: Llanos del Sur
8 Lobo
6 Goblin
8 Murciélago

Mapa 33: Minas de Hierro
3 Rata
16 Goblin
4 Araña gigante
4 Hormiga

Mapa 34: Nix
21 Guardia Imperial
2 Guardia Imperial
3 Sacerdote

Mapa 35: Camino del sur
1 Murciélago
14 Serpiente
13 Murciélago
2 Gallo salvaje

Mapa 36: Bosque Dorck
6 Gallo salvaje
5 Orco
4 Lobo

Mapa 37: Newbie Dungeon
8 Murciélago
9 Lobo
11 Gallo salvaje
6 Serpiente
7 Escorpion

Mapa 38: Bosque Dorck
9 Araña gigante
13 Orco
13 Gallo salvaje
1 Cuervo
1 Rata

Mapa 39: Bosque Dorck
9 Araña gigante
2 Lobo
5 Murciélago
4 Serpiente
4 Gallo salvaje
7 Orco

Mapa 40: Catacumbas
2 Araña gigante
1 Araña gigante
3 Orco

Mapa 42: Catacumbas
4 Araña gigante

Mapa 45: Catacumbas
4 Araña gigante

Mapa 46: Bosque Dorck
30 Gallo salvaje
4 Esqueleto Guerrero
5 Orco
2 Escorpion

Mapa 48: Dungeon Dragon
2 Medusa

Mapa 49: Newbie Dungeon
10 Lobo
6 Murciélago
6 Serpiente
7 Gallo salvaje

Mapa 50: Minas de Plata
3 Rata
2 Hormiga

Mapa 51: Minas de Plata
3 Rata

Mapa 52: Minas de Plata
5 Murciélago
1 Rata
1 Hormiga

Mapa 53: Camino del Norte
10 Lobo
3 Serpiente
3 Gallo salvaje

Mapa 54: Camino del Norte
12 Lobo
1 Gallo salvaje
3 Goblin
3 Serpiente
3 Bandido
1 Asesino

Mapa 55: Camino del Norte
12 Lobo
2 Araña gigante
2 Goblin
1 Bandido

Mapa 56: Camino del Norte
12 Lobo
5 Goblin
2 Serpiente
3 Murciélago
2 Gallo salvaje

Mapa 57: Camino del Norte
6 Goblin
6 Lobo
6 Gallo salvaje
1 Lord Zombie

Mapa 58: Banderbill sur
2 Guardia Imperial
6 Guardia Imperial
3 Serpiente

Mapa 59: Banderbill central
3 Sacerdote
11 Guardia Imperial
6 Guardia Imperial
2 Rata
2 Mago imperial
1 Mago

Mapa 60: Banderbill norte
5 Guardia Imperial
1 Sacerdote
13 Guardia Imperial
1 Mago
1 Druida
1 Mago imperial
1 Sacerdote
1 Rata

Mapa 61: Muelles de Banderbill
2 Gran Aguila
1 Pato
1 Cuervo

Mapa 62: Lindos central
4 Aguila
10 Guardia Imperial
3 Mago imperial

Mapa 64: Lindos este
13 Guardia Imperial
1 Mago imperial
1 Gallo

Mapa 65: Tierras del Norte
2 Lobo
2 Rata
4 Murciélago
3 Lobo
2 Serpiente
2 Cuervo

Mapa 67: Tierras del Norte
6 Gallo salvaje
12 Duende
8 Goblin

Mapa 68: Tierras del Norte
1 Lobo
4 Lobo
1 Rata
6 Duende

Mapa 69: Tierras del Norte
6 Gallo salvaje
3 Oso pardo
5 Tortuga gigante
4 Lobo
1 Gallo salvaje

Mapa 70: Tierras del Norte
7 Serpiente
23 Goblin
13 Duende

Mapa 71: Tierras del Norte
3 Lobo
11 Rata
4 Goblin
2 Goblin
6 Lobo
3 Oso pardo
5 Tortuga gigante

Mapa 72: Tierras del Norte
8 Goblin
8 Duende
9 Gallo salvaje

Mapa 73: Tierras del Norte
3 Lobo
1 Cuervo
4 Orco
7 Tortuga gigante
4 Murciélago

Mapa 74: Tierras del Norte
12 Goblin
5 Gallo salvaje
7 Duende

Mapa 75: Tierras del Norte
6 Tortuga gigante
4 Duende
4 Goblin
2 Lobo

Mapa 76: Entrada a Marabel
15 Orco

Mapa 77: Alta Mar Pirata
10 Piraña

Mapa 78: Nix
10 Guardia Imperial

Mapa 79: Rápidos del Sudoeste
10 Piraña

Mapa 80: Rápidos del Sudoeste
10 Piraña

Mapa 81: Alta Mar Pirata
10 Piraña

Mapa 82: Alta Mar Pirata
10 Piraña

Mapa 83: Recursos Minerales
10 Hormiga
4 Rata

Mapa 84: Aguas de Lindos
10 Piraña

Mapa 85: Aguas de Lindos
10 Piraña

Mapa 87: Rápidos del Sudoeste
10 Piraña

Mapa 88: Rápidos del Sudoeste
10 Piraña

Mapa 89: Rápidos del Sur
10 Piraña

Mapa 90: Rápidos del Sur
10 Piraña

Mapa 91: Rápidos del Sur
12 Piraña

Mapa 92: Rápidos del Sur
10 Piraña

Mapa 93: Rápidos del Sur
10 Piraña

Mapa 94: Rápidos del Sudeste
10 Piraña

Mapa 95: Rápidos del Sudeste
10 Piraña

Mapa 96: Rápidos del Sudeste
10 Piraña

Mapa 97: Aguas del Desierto
10 Piraña

Mapa 98: Arghal
8 Guardia del Caos
4 Guardia del Caos
4 Guardia del Caos
2 Guardia del Caos

Mapa 99: Aguas del Desierto
10 Piraña

Mapa 101: Aguas del Desierto
10 Piraña

Mapa 103: Aguas del Desierto
10 Piraña

Mapa 104: Aguas de Lindos
10 Piraña

Mapa 105: Aguas de Lindos
10 Piraña

Mapa 106: Aguas de Lindos
10 Piraña

Mapa 107: Aguas de Lindos
10 Piraña

Mapa 109: Aguas de Lindos
10 Piraña

Mapa 110: Isla Morgolock
8 Fuego fatuo
3 Gran Aguila
1 Tigre

Mapa 111: Nueva Esperanza Norte
35 Fuego fatuo
3 Jabalí Salvaje
4 Oso Pardo

Mapa 112: Nueva Esperanza Norte
29 Fuego fatuo
2 Jabalí
3 Tigre
3 Gran Aguila
5 Pato
1 Elemental de agua
1 Lord Zombie
1 Esqueleto
2 Esqueleto Guerrero

Mapa 113: Nueva Esperanza Sur
9 Lord Orco
16 Fuego fatuo
6 Orco brujo
4 Mago malvado
4 Liche
2 Leviatán
1 Galeón fantasmal

Mapa 114: Nueva Esperanza Sur
10 Escorpion
20 Lord Orco
5 Mago malvado
2 Escorpion
7 Liche
8 Orco brujo
5 Fuego fatuo
1 Águila

Mapa 115: Dungeon Marabel
7 Lord Zombie
3 Orco brujo
3 Araña gigante
1 Ogro
1 Beholder

Mapa 116: Dungeon Marabel
1 Demonio
4 Lord Zombie
5 Orco brujo
3 Ogro
2 Beholder

Mapa 117: Aguas de Hilidian
10 Piraña

Mapa 119: Aguas de Hilidian
10 Piraña

Mapa 120: Alta Mar
10 Piraña

Mapa 121: Alta Mar
10 Piraña

Mapa 122: Alta Mar
10 Piraña

Mapa 123: Alta Mar
10 Piraña

Mapa 124: Alta Mar
10 Piraña

Mapa 125: Alta Mar
10 Piraña

Mapa 126: Aguas de Beleta
10 Piraña

Mapa 127: Aguas de Beleta
10 Piraña

Mapa 128: Aguas de Beleta
10 Piraña

Mapa 129: Aguas de Beleta
10 Piraña

Mapa 131: Aguas Ancestrales
10 Piraña

Mapa 132: Vía del Norte
10 Piraña

Mapa 134: Vía del Norte
10 Piraña

Mapa 135: Vía del Norte
10 Piraña

Mapa 136: Vía del Norte
10 Piraña

Mapa 137: Vía del Norte
10 Piraña

Mapa 138: Aguas del Veriil
10 Piraña

Mapa 140: Dungeon Veriil
3 Bruja
4 Liche
6 Asesino

Mapa 141: Dungeon Veriil
2 Orco brujo
1 Bruja
3 Asesino
1 Medusa

Mapa 142: Dungeon Veriil
2 Asesino
1 Medusa
3 Orco brujo

Mapa 144: Dungeon Veriil
3 Asesino
2 Medusa

Mapa 145: Dungeon Veriil
1 Medusa
1 Bruja
2 Asesino

Mapa 146: Dungeon Veriil
1 Medusa
3 Asesino
1 Bruja

Mapa 147: Hilidian Oriental
2 Guardia del Caos
15 Guardia del Caos

Mapa 148: Paso del Hielo
3 Oso Polar
8 Lobo Siberiano

Mapa 149: Hilidian Occidental
2 Sacerdote
13 Guardia Imperial
2 Mago
1 Druida
3 Sacerdote

Mapa 150: Entrada a las Cavernas
3 Oso Polar
7 Lobo Siberiano

Mapa 151: Aeluin
2 Ogro Polar
10 Pingüino
4 Lobo Siberiano
2 Oso Polar

Mapa 152: Aguas de Lindos
10 Piraña

Mapa 153: Aguas de Lindos
10 Piraña

Mapa 155: Aguas de Esperanza
10 Piraña

Mapa 156: Aguas de Esperanza
11 Piraña

Mapa 157: Aguas de Esperanza
10 Piraña

Mapa 159: Alta Mar Pirata
10 Piraña

Mapa 161: Alta Mar Pirata
10 Piraña

Mapa 162: Aguas de Banderbill
10 Piraña

Mapa 163: Aguas de Banderbill
10 Piraña

Mapa 164: Alta Mar
3 Fantasma endemoniado

Mapa 165: Infierno
10 Guardia del Caos
5 Guardia del Caos
6 Guardia del Caos

Mapa 166: Dungeon Fenix Antiguo
8 Desterrado
1 Demonio Abismal
3 Orco brujo
1 Engendro del demonio
1 Acólito
1 Defensor del mal

Mapa 167: Dungeon Fenix Antiguo
5 Orco brujo
1 Golem Infernal
1 Golem de Plata
1 Golem de Bronce
1 Golem de Oro

Mapa 168: Dungeon Fenix Antiguo
1 Bruja

Mapa 169: Dungeon Fenix Antiguo
6 Orco brujo
3 Engendro del demonio

Mapa 170: Mapa de torneos antiguo
2 Elemental de agua
3 Elemental de fuego
2 Elemental de tierra

Mapa 174: Cavernas heladas
5 Yeti
1 Pingüino

Mapa 175: Laberinto Oscuro
4 Beholder

Mapa 176: Entrada al Castillo Azul
4 Mago malvado
2 Dragon rojo
2 Dragón Infernal

Mapa 177: Castillo Azul
48 Mago de hielo

Mapa 179: CUADRADO DE KADATH 1
9 Lagarto
9 Beholder
3 Ogro

Mapa 180: Tumba Legendaria
2 Fantasma endemoniado

Mapa 181: Templo Ancestral
2 Aparición
4 Orco Mayor
1 Golem

Mapa 182: Templo Ancestral
2 Golem
2 Aparición

Mapa 183: Templo Ancestral
2 Golem
4 Aparición
4 Orco Mayor

